DEBUG - 2026-04-23 13:51:54 --> Session: Class initialized using 'CodeIgniter\Session\Handlers\FileHandler' driver.
DEBUG - 2026-04-23 13:51:56 --> Session: Class initialized using 'CodeIgniter\Session\Handlers\FileHandler' driver.
DEBUG - 2026-04-23 13:52:06 --> Session: Class initialized using 'CodeIgniter\Session\Handlers\FileHandler' driver.
ERROR - 2026-04-23 13:52:11 --> Error connecting to the database: mysqli_sql_exception: No connection could be made because the target machine actively refused it in C:\xampp1\htdocs\pinbook\system\Database\MySQLi\Connection.php:202
Stack trace:
#0 C:\xampp1\htdocs\pinbook\system\Database\MySQLi\Connection.php(202): mysqli->real_connect('localhost', 'root', '', 'pinbook', 3306, '', 0)
#1 C:\xampp1\htdocs\pinbook\system\Database\BaseConnection.php(419): CodeIgniter\Database\MySQLi\Connection->connect(false)
#2 C:\xampp1\htdocs\pinbook\system\Database\BaseConnection.php(614): CodeIgniter\Database\BaseConnection->initialize()
#3 C:\xampp1\htdocs\pinbook\system\Database\BaseBuilder.php(1649): CodeIgniter\Database\BaseConnection->query('SELECT *\nFROM `...', Array, false)
#4 C:\xampp1\htdocs\pinbook\system\Model.php(330): CodeIgniter\Database\BaseBuilder->get()
#5 C:\xampp1\htdocs\pinbook\system\BaseModel.php(715): CodeIgniter\Model->doFirst()
#6 C:\xampp1\htdocs\pinbook\app\Models\UsersModel.php(15): CodeIgniter\BaseModel->first()
#7 C:\xampp1\htdocs\pinbook\app\Controllers\Auth.php(27): App\Models\UsersModel->getUsersByUsername('imey')
#8 C:\xampp1\htdocs\pinbook\system\CodeIgniter.php(933): App\Controllers\Auth->prosesLogin()
#9 C:\xampp1\htdocs\pinbook\system\CodeIgniter.php(507): CodeIgniter\CodeIgniter->runController(Object(App\Controllers\Auth))
#10 C:\xampp1\htdocs\pinbook\system\CodeIgniter.php(354): CodeIgniter\CodeIgniter->handleRequest(NULL, Object(Config\Cache), false)
#11 C:\xampp1\htdocs\pinbook\system\Boot.php(363): CodeIgniter\CodeIgniter->run()
#12 C:\xampp1\htdocs\pinbook\system\Boot.php(68): CodeIgniter\Boot::runCodeIgniter(Object(CodeIgniter\CodeIgniter))
#13 C:\xampp1\htdocs\pinbook\index.php(59): CodeIgniter\Boot::bootWeb(Object(Config\Paths))
#14 {main}

Next CodeIgniter\Database\Exceptions\DatabaseException: No connection could be made because the target machine actively refused it in C:\xampp1\htdocs\pinbook\system\Database\MySQLi\Connection.php:246
Stack trace:
#0 C:\xampp1\htdocs\pinbook\system\Database\BaseConnection.php(419): CodeIgniter\Database\MySQLi\Connection->connect(false)
#1 C:\xampp1\htdocs\pinbook\system\Database\BaseConnection.php(614): CodeIgniter\Database\BaseConnection->initialize()
#2 C:\xampp1\htdocs\pinbook\system\Database\BaseBuilder.php(1649): CodeIgniter\Database\BaseConnection->query('SELECT *\nFROM `...', Array, false)
#3 C:\xampp1\htdocs\pinbook\system\Model.php(330): CodeIgniter\Database\BaseBuilder->get()
#4 C:\xampp1\htdocs\pinbook\system\BaseModel.php(715): CodeIgniter\Model->doFirst()
#5 C:\xampp1\htdocs\pinbook\app\Models\UsersModel.php(15): CodeIgniter\BaseModel->first()
#6 C:\xampp1\htdocs\pinbook\app\Controllers\Auth.php(27): App\Models\UsersModel->getUsersByUsername('imey')
#7 C:\xampp1\htdocs\pinbook\system\CodeIgniter.php(933): App\Controllers\Auth->prosesLogin()
#8 C:\xampp1\htdocs\pinbook\system\CodeIgniter.php(507): CodeIgniter\CodeIgniter->runController(Object(App\Controllers\Auth))
#9 C:\xampp1\htdocs\pinbook\system\CodeIgniter.php(354): CodeIgniter\CodeIgniter->handleRequest(NULL, Object(Config\Cache), false)
#10 C:\xampp1\htdocs\pinbook\system\Boot.php(363): CodeIgniter\CodeIgniter->run()
#11 C:\xampp1\htdocs\pinbook\system\Boot.php(68): CodeIgniter\Boot::runCodeIgniter(Object(CodeIgniter\CodeIgniter))
#12 C:\xampp1\htdocs\pinbook\index.php(59): CodeIgniter\Boot::bootWeb(Object(Config\Paths))
#13 {main}
CRITICAL - 2026-04-23 13:52:11 --> CodeIgniter\Database\Exceptions\DatabaseException: Unable to connect to the database.
Main connection [MySQLi]: No connection could be made because the target machine actively refused it
[Method: POST, Route: proses-login]
in SYSTEMPATH\Database\BaseConnection.php on line 465.
 1 SYSTEMPATH\Database\BaseConnection.php(614): CodeIgniter\Database\BaseConnection->initialize()
 2 SYSTEMPATH\Database\BaseBuilder.php(1649): CodeIgniter\Database\BaseConnection->query('SELECT *
FROM `users`
WHERE `username` = :username:
 LIMIT 1', [...], false)
 3 SYSTEMPATH\Model.php(330): CodeIgniter\Database\BaseBuilder->get()
 4 SYSTEMPATH\BaseModel.php(715): CodeIgniter\Model->doFirst()
 5 APPPATH\Models\UsersModel.php(15): CodeIgniter\BaseModel->first()
 6 APPPATH\Controllers\Auth.php(27): App\Models\UsersModel->getUsersByUsername('imey')
 7 SYSTEMPATH\CodeIgniter.php(933): App\Controllers\Auth->prosesLogin()
 8 SYSTEMPATH\CodeIgniter.php(507): CodeIgniter\CodeIgniter->runController(Object(App\Controllers\Auth))
 9 SYSTEMPATH\CodeIgniter.php(354): CodeIgniter\CodeIgniter->handleRequest(null, Object(Config\Cache), false)
10 SYSTEMPATH\Boot.php(363): CodeIgniter\CodeIgniter->run()
11 SYSTEMPATH\Boot.php(68): CodeIgniter\Boot::runCodeIgniter(Object(CodeIgniter\CodeIgniter))
12 FCPATH\index.php(59): CodeIgniter\Boot::bootWeb(Object(Config\Paths))
DEBUG - 2026-04-23 13:53:30 --> Session: Class initialized using 'CodeIgniter\Session\Handlers\FileHandler' driver.
DEBUG - 2026-04-23 13:53:31 --> Session: Class initialized using 'CodeIgniter\Session\Handlers\FileHandler' driver.
DEBUG - 2026-04-23 13:53:35 --> Session: Class initialized using 'CodeIgniter\Session\Handlers\FileHandler' driver.
DEBUG - 2026-04-23 13:54:27 --> Session: Class initialized using 'CodeIgniter\Session\Handlers\FileHandler' driver.
DEBUG - 2026-04-23 13:54:33 --> Session: Class initialized using 'CodeIgniter\Session\Handlers\FileHandler' driver.
DEBUG - 2026-04-23 13:54:37 --> Session: Class initialized using 'CodeIgniter\Session\Handlers\FileHandler' driver.
DEBUG - 2026-04-23 13:54:43 --> Session: Class initialized using 'CodeIgniter\Session\Handlers\FileHandler' driver.
DEBUG - 2026-04-23 13:54:54 --> Session: Class initialized using 'CodeIgniter\Session\Handlers\FileHandler' driver.
CRITICAL - 2026-04-23 13:54:59 --> ParseError: Unclosed '{' on line 12
[Method: GET, Route: peminjaman]
in APPPATH\Controllers\Peminjaman.php on line 441.
 1 SYSTEMPATH\Autoloader\Autoloader.php(295): CodeIgniter\Autoloader\Autoloader->includeFile('C:\\xampp1\\htdocs\\pinbook\\app\\Controllers\\Peminjaman.php')
 2 SYSTEMPATH\Autoloader\Autoloader.php(271): CodeIgniter\Autoloader\Autoloader->loadInNamespace('App\\Controllers\\Peminjaman')
 3 [internal function]: CodeIgniter\Autoloader\Autoloader->loadClass('App\\Controllers\\Peminjaman')
 4 SYSTEMPATH\CodeIgniter.php(885): class_exists('\\App\\Controllers\\Peminjaman', true)
 5 SYSTEMPATH\CodeIgniter.php(494): CodeIgniter\CodeIgniter->startController()
 6 SYSTEMPATH\CodeIgniter.php(354): CodeIgniter\CodeIgniter->handleRequest(null, Object(Config\Cache), false)
 7 SYSTEMPATH\Boot.php(363): CodeIgniter\CodeIgniter->run()
 8 SYSTEMPATH\Boot.php(68): CodeIgniter\Boot::runCodeIgniter(Object(CodeIgniter\CodeIgniter))
 9 FCPATH\index.php(59): CodeIgniter\Boot::bootWeb(Object(Config\Paths))
DEBUG - 2026-04-23 13:56:11 --> Session: Class initialized using 'CodeIgniter\Session\Handlers\FileHandler' driver.
DEBUG - 2026-04-23 13:56:19 --> Session: Class initialized using 'CodeIgniter\Session\Handlers\FileHandler' driver.
