DEBUG - 2026-04-23 02:53:55 --> Session: Class initialized using 'CodeIgniter\Session\Handlers\FileHandler' driver.
DEBUG - 2026-04-23 02:53:55 --> Session: Class initialized using 'CodeIgniter\Session\Handlers\FileHandler' driver.
DEBUG - 2026-04-23 02:54:01 --> Session: Class initialized using 'CodeIgniter\Session\Handlers\FileHandler' driver.
DEBUG - 2026-04-23 02:54:01 --> Session: Class initialized using 'CodeIgniter\Session\Handlers\FileHandler' driver.
DEBUG - 2026-04-23 02:54:03 --> Session: Class initialized using 'CodeIgniter\Session\Handlers\FileHandler' driver.
DEBUG - 2026-04-23 02:54:13 --> Session: Class initialized using 'CodeIgniter\Session\Handlers\FileHandler' driver.
DEBUG - 2026-04-23 02:54:19 --> Session: Class initialized using 'CodeIgniter\Session\Handlers\FileHandler' driver.
DEBUG - 2026-04-23 02:55:58 --> Session: Class initialized using 'CodeIgniter\Session\Handlers\FileHandler' driver.
DEBUG - 2026-04-23 03:03:53 --> Session: Class initialized using 'CodeIgniter\Session\Handlers\FileHandler' driver.
DEBUG - 2026-04-23 03:04:02 --> Session: Class initialized using 'CodeIgniter\Session\Handlers\FileHandler' driver.
DEBUG - 2026-04-23 03:04:13 --> Session: Class initialized using 'CodeIgniter\Session\Handlers\FileHandler' driver.
DEBUG - 2026-04-23 03:04:23 --> Session: Class initialized using 'CodeIgniter\Session\Handlers\FileHandler' driver.
DEBUG - 2026-04-23 03:04:24 --> Session: Class initialized using 'CodeIgniter\Session\Handlers\FileHandler' driver.
DEBUG - 2026-04-23 03:04:31 --> Session: Class initialized using 'CodeIgniter\Session\Handlers\FileHandler' driver.
DEBUG - 2026-04-23 03:04:31 --> Session: Class initialized using 'CodeIgniter\Session\Handlers\FileHandler' driver.
DEBUG - 2026-04-23 03:04:33 --> Session: Class initialized using 'CodeIgniter\Session\Handlers\FileHandler' driver.
DEBUG - 2026-04-23 03:04:36 --> Session: Class initialized using 'CodeIgniter\Session\Handlers\FileHandler' driver.
DEBUG - 2026-04-23 03:04:42 --> Session: Class initialized using 'CodeIgniter\Session\Handlers\FileHandler' driver.
DEBUG - 2026-04-23 03:04:42 --> Session: Class initialized using 'CodeIgniter\Session\Handlers\FileHandler' driver.
DEBUG - 2026-04-23 03:05:43 --> Session: Class initialized using 'CodeIgniter\Session\Handlers\FileHandler' driver.
DEBUG - 2026-04-23 03:13:16 --> Session: Class initialized using 'CodeIgniter\Session\Handlers\FileHandler' driver.
DEBUG - 2026-04-23 03:13:19 --> Session: Class initialized using 'CodeIgniter\Session\Handlers\FileHandler' driver.
DEBUG - 2026-04-23 03:13:25 --> Session: Class initialized using 'CodeIgniter\Session\Handlers\FileHandler' driver.
DEBUG - 2026-04-23 03:13:26 --> Session: Class initialized using 'CodeIgniter\Session\Handlers\FileHandler' driver.
DEBUG - 2026-04-23 03:13:27 --> Session: Class initialized using 'CodeIgniter\Session\Handlers\FileHandler' driver.
DEBUG - 2026-04-23 03:16:42 --> Session: Class initialized using 'CodeIgniter\Session\Handlers\FileHandler' driver.
DEBUG - 2026-04-23 03:16:49 --> Session: Class initialized using 'CodeIgniter\Session\Handlers\FileHandler' driver.
DEBUG - 2026-04-23 03:17:12 --> Session: Class initialized using 'CodeIgniter\Session\Handlers\FileHandler' driver.
DEBUG - 2026-04-23 03:17:18 --> Session: Class initialized using 'CodeIgniter\Session\Handlers\FileHandler' driver.
DEBUG - 2026-04-23 03:17:18 --> Session: Class initialized using 'CodeIgniter\Session\Handlers\FileHandler' driver.
DEBUG - 2026-04-23 03:17:20 --> Session: Class initialized using 'CodeIgniter\Session\Handlers\FileHandler' driver.
DEBUG - 2026-04-23 03:17:21 --> Session: Class initialized using 'CodeIgniter\Session\Handlers\FileHandler' driver.
DEBUG - 2026-04-23 03:19:09 --> Session: Class initialized using 'CodeIgniter\Session\Handlers\FileHandler' driver.
DEBUG - 2026-04-23 03:19:12 --> Session: Class initialized using 'CodeIgniter\Session\Handlers\FileHandler' driver.
DEBUG - 2026-04-23 03:19:16 --> Session: Class initialized using 'CodeIgniter\Session\Handlers\FileHandler' driver.
DEBUG - 2026-04-23 03:19:16 --> Session: Class initialized using 'CodeIgniter\Session\Handlers\FileHandler' driver.
DEBUG - 2026-04-23 03:19:18 --> Session: Class initialized using 'CodeIgniter\Session\Handlers\FileHandler' driver.
DEBUG - 2026-04-23 03:21:43 --> Session: Class initialized using 'CodeIgniter\Session\Handlers\FileHandler' driver.
DEBUG - 2026-04-23 03:21:45 --> Session: Class initialized using 'CodeIgniter\Session\Handlers\FileHandler' driver.
DEBUG - 2026-04-23 03:21:50 --> Session: Class initialized using 'CodeIgniter\Session\Handlers\FileHandler' driver.
DEBUG - 2026-04-23 03:21:50 --> Session: Class initialized using 'CodeIgniter\Session\Handlers\FileHandler' driver.
DEBUG - 2026-04-23 03:21:54 --> Session: Class initialized using 'CodeIgniter\Session\Handlers\FileHandler' driver.
DEBUG - 2026-04-23 03:25:26 --> Session: Class initialized using 'CodeIgniter\Session\Handlers\FileHandler' driver.
DEBUG - 2026-04-23 03:25:29 --> Session: Class initialized using 'CodeIgniter\Session\Handlers\FileHandler' driver.
DEBUG - 2026-04-23 03:25:35 --> Session: Class initialized using 'CodeIgniter\Session\Handlers\FileHandler' driver.
DEBUG - 2026-04-23 03:25:35 --> Session: Class initialized using 'CodeIgniter\Session\Handlers\FileHandler' driver.
DEBUG - 2026-04-23 03:27:28 --> Session: Class initialized using 'CodeIgniter\Session\Handlers\FileHandler' driver.
DEBUG - 2026-04-23 03:27:30 --> Session: Class initialized using 'CodeIgniter\Session\Handlers\FileHandler' driver.
DEBUG - 2026-04-23 03:27:31 --> Session: Class initialized using 'CodeIgniter\Session\Handlers\FileHandler' driver.
DEBUG - 2026-04-23 03:27:36 --> Session: Class initialized using 'CodeIgniter\Session\Handlers\FileHandler' driver.
DEBUG - 2026-04-23 03:27:36 --> Session: Class initialized using 'CodeIgniter\Session\Handlers\FileHandler' driver.
DEBUG - 2026-04-23 03:27:38 --> Session: Class initialized using 'CodeIgniter\Session\Handlers\FileHandler' driver.
DEBUG - 2026-04-23 03:28:28 --> Session: Class initialized using 'CodeIgniter\Session\Handlers\FileHandler' driver.
DEBUG - 2026-04-23 03:28:29 --> Session: Class initialized using 'CodeIgniter\Session\Handlers\FileHandler' driver.
DEBUG - 2026-04-23 03:28:30 --> Session: Class initialized using 'CodeIgniter\Session\Handlers\FileHandler' driver.
DEBUG - 2026-04-23 03:29:11 --> Session: Class initialized using 'CodeIgniter\Session\Handlers\FileHandler' driver.
CRITICAL - 2026-04-23 03:29:11 --> ErrorException: Undefined variable $ongkir
[Method: GET, Route: peminjaman/pembayaran/114]
in APPPATH\Views\peminjaman\pembayaran.php on line 16.
 1 APPPATH\Views\peminjaman\pembayaran.php(16): CodeIgniter\Debug\Exceptions->errorHandler(2, 'Undefined variable $ongkir', 'C:\\xampp\\htdocs\\pinbook\\app\\Views\\peminjaman\\pembayaran.php', 16)
 2 SYSTEMPATH\View\View.php(226): include('C:\\xampp\\htdocs\\pinbook\\app\\Views\\peminjaman\\pembayaran.php')
 3 SYSTEMPATH\View\View.php(229): CodeIgniter\View\View->CodeIgniter\View\{closure}()
 4 SYSTEMPATH\Common.php(1167): CodeIgniter\View\View->render('peminjaman/pembayaran', [], true)
 5 APPPATH\Controllers\Peminjaman.php(183): view('peminjaman/pembayaran', [...])
 6 SYSTEMPATH\CodeIgniter.php(933): App\Controllers\Peminjaman->bayarView('114')
 7 SYSTEMPATH\CodeIgniter.php(507): CodeIgniter\CodeIgniter->runController(Object(App\Controllers\Peminjaman))
 8 SYSTEMPATH\CodeIgniter.php(354): CodeIgniter\CodeIgniter->handleRequest(null, Object(Config\Cache), false)
 9 SYSTEMPATH\Boot.php(363): CodeIgniter\CodeIgniter->run()
10 SYSTEMPATH\Boot.php(68): CodeIgniter\Boot::runCodeIgniter(Object(CodeIgniter\CodeIgniter))
11 FCPATH\index.php(59): CodeIgniter\Boot::bootWeb(Object(Config\Paths))
DEBUG - 2026-04-23 03:29:53 --> Session: Class initialized using 'CodeIgniter\Session\Handlers\FileHandler' driver.
CRITICAL - 2026-04-23 03:29:53 --> ErrorException: Undefined variable $ongkir
[Method: GET, Route: peminjaman/pembayaran/114]
in APPPATH\Views\peminjaman\pembayaran.php on line 16.
 1 APPPATH\Views\peminjaman\pembayaran.php(16): CodeIgniter\Debug\Exceptions->errorHandler(2, 'Undefined variable $ongkir', 'C:\\xampp\\htdocs\\pinbook\\app\\Views\\peminjaman\\pembayaran.php', 16)
 2 SYSTEMPATH\View\View.php(226): include('C:\\xampp\\htdocs\\pinbook\\app\\Views\\peminjaman\\pembayaran.php')
 3 SYSTEMPATH\View\View.php(229): CodeIgniter\View\View->CodeIgniter\View\{closure}()
 4 SYSTEMPATH\Common.php(1167): CodeIgniter\View\View->render('peminjaman/pembayaran', [], true)
 5 APPPATH\Controllers\Peminjaman.php(183): view('peminjaman/pembayaran', [...])
 6 SYSTEMPATH\CodeIgniter.php(933): App\Controllers\Peminjaman->bayarView('114')
 7 SYSTEMPATH\CodeIgniter.php(507): CodeIgniter\CodeIgniter->runController(Object(App\Controllers\Peminjaman))
 8 SYSTEMPATH\CodeIgniter.php(354): CodeIgniter\CodeIgniter->handleRequest(null, Object(Config\Cache), false)
 9 SYSTEMPATH\Boot.php(363): CodeIgniter\CodeIgniter->run()
10 SYSTEMPATH\Boot.php(68): CodeIgniter\Boot::runCodeIgniter(Object(CodeIgniter\CodeIgniter))
11 FCPATH\index.php(59): CodeIgniter\Boot::bootWeb(Object(Config\Paths))
DEBUG - 2026-04-23 03:29:54 --> Session: Class initialized using 'CodeIgniter\Session\Handlers\FileHandler' driver.
CRITICAL - 2026-04-23 03:29:54 --> ErrorException: Undefined variable $ongkir
[Method: GET, Route: peminjaman/pembayaran/114]
in APPPATH\Views\peminjaman\pembayaran.php on line 16.
 1 APPPATH\Views\peminjaman\pembayaran.php(16): CodeIgniter\Debug\Exceptions->errorHandler(2, 'Undefined variable $ongkir', 'C:\\xampp\\htdocs\\pinbook\\app\\Views\\peminjaman\\pembayaran.php', 16)
 2 SYSTEMPATH\View\View.php(226): include('C:\\xampp\\htdocs\\pinbook\\app\\Views\\peminjaman\\pembayaran.php')
 3 SYSTEMPATH\View\View.php(229): CodeIgniter\View\View->CodeIgniter\View\{closure}()
 4 SYSTEMPATH\Common.php(1167): CodeIgniter\View\View->render('peminjaman/pembayaran', [], true)
 5 APPPATH\Controllers\Peminjaman.php(183): view('peminjaman/pembayaran', [...])
 6 SYSTEMPATH\CodeIgniter.php(933): App\Controllers\Peminjaman->bayarView('114')
 7 SYSTEMPATH\CodeIgniter.php(507): CodeIgniter\CodeIgniter->runController(Object(App\Controllers\Peminjaman))
 8 SYSTEMPATH\CodeIgniter.php(354): CodeIgniter\CodeIgniter->handleRequest(null, Object(Config\Cache), false)
 9 SYSTEMPATH\Boot.php(363): CodeIgniter\CodeIgniter->run()
10 SYSTEMPATH\Boot.php(68): CodeIgniter\Boot::runCodeIgniter(Object(CodeIgniter\CodeIgniter))
11 FCPATH\index.php(59): CodeIgniter\Boot::bootWeb(Object(Config\Paths))
DEBUG - 2026-04-23 03:29:55 --> Session: Class initialized using 'CodeIgniter\Session\Handlers\FileHandler' driver.
CRITICAL - 2026-04-23 03:29:55 --> ErrorException: Undefined variable $ongkir
[Method: GET, Route: peminjaman/pembayaran/114]
in APPPATH\Views\peminjaman\pembayaran.php on line 16.
 1 APPPATH\Views\peminjaman\pembayaran.php(16): CodeIgniter\Debug\Exceptions->errorHandler(2, 'Undefined variable $ongkir', 'C:\\xampp\\htdocs\\pinbook\\app\\Views\\peminjaman\\pembayaran.php', 16)
 2 SYSTEMPATH\View\View.php(226): include('C:\\xampp\\htdocs\\pinbook\\app\\Views\\peminjaman\\pembayaran.php')
 3 SYSTEMPATH\View\View.php(229): CodeIgniter\View\View->CodeIgniter\View\{closure}()
 4 SYSTEMPATH\Common.php(1167): CodeIgniter\View\View->render('peminjaman/pembayaran', [], true)
 5 APPPATH\Controllers\Peminjaman.php(183): view('peminjaman/pembayaran', [...])
 6 SYSTEMPATH\CodeIgniter.php(933): App\Controllers\Peminjaman->bayarView('114')
 7 SYSTEMPATH\CodeIgniter.php(507): CodeIgniter\CodeIgniter->runController(Object(App\Controllers\Peminjaman))
 8 SYSTEMPATH\CodeIgniter.php(354): CodeIgniter\CodeIgniter->handleRequest(null, Object(Config\Cache), false)
 9 SYSTEMPATH\Boot.php(363): CodeIgniter\CodeIgniter->run()
10 SYSTEMPATH\Boot.php(68): CodeIgniter\Boot::runCodeIgniter(Object(CodeIgniter\CodeIgniter))
11 FCPATH\index.php(59): CodeIgniter\Boot::bootWeb(Object(Config\Paths))
DEBUG - 2026-04-23 03:29:55 --> Session: Class initialized using 'CodeIgniter\Session\Handlers\FileHandler' driver.
CRITICAL - 2026-04-23 03:29:55 --> ErrorException: Undefined variable $ongkir
[Method: GET, Route: peminjaman/pembayaran/114]
in APPPATH\Views\peminjaman\pembayaran.php on line 16.
 1 APPPATH\Views\peminjaman\pembayaran.php(16): CodeIgniter\Debug\Exceptions->errorHandler(2, 'Undefined variable $ongkir', 'C:\\xampp\\htdocs\\pinbook\\app\\Views\\peminjaman\\pembayaran.php', 16)
 2 SYSTEMPATH\View\View.php(226): include('C:\\xampp\\htdocs\\pinbook\\app\\Views\\peminjaman\\pembayaran.php')
 3 SYSTEMPATH\View\View.php(229): CodeIgniter\View\View->CodeIgniter\View\{closure}()
 4 SYSTEMPATH\Common.php(1167): CodeIgniter\View\View->render('peminjaman/pembayaran', [], true)
 5 APPPATH\Controllers\Peminjaman.php(183): view('peminjaman/pembayaran', [...])
 6 SYSTEMPATH\CodeIgniter.php(933): App\Controllers\Peminjaman->bayarView('114')
 7 SYSTEMPATH\CodeIgniter.php(507): CodeIgniter\CodeIgniter->runController(Object(App\Controllers\Peminjaman))
 8 SYSTEMPATH\CodeIgniter.php(354): CodeIgniter\CodeIgniter->handleRequest(null, Object(Config\Cache), false)
 9 SYSTEMPATH\Boot.php(363): CodeIgniter\CodeIgniter->run()
10 SYSTEMPATH\Boot.php(68): CodeIgniter\Boot::runCodeIgniter(Object(CodeIgniter\CodeIgniter))
11 FCPATH\index.php(59): CodeIgniter\Boot::bootWeb(Object(Config\Paths))
DEBUG - 2026-04-23 03:29:56 --> Session: Class initialized using 'CodeIgniter\Session\Handlers\FileHandler' driver.
CRITICAL - 2026-04-23 03:29:56 --> ErrorException: Undefined variable $ongkir
[Method: GET, Route: peminjaman/pembayaran/114]
in APPPATH\Views\peminjaman\pembayaran.php on line 16.
 1 APPPATH\Views\peminjaman\pembayaran.php(16): CodeIgniter\Debug\Exceptions->errorHandler(2, 'Undefined variable $ongkir', 'C:\\xampp\\htdocs\\pinbook\\app\\Views\\peminjaman\\pembayaran.php', 16)
 2 SYSTEMPATH\View\View.php(226): include('C:\\xampp\\htdocs\\pinbook\\app\\Views\\peminjaman\\pembayaran.php')
 3 SYSTEMPATH\View\View.php(229): CodeIgniter\View\View->CodeIgniter\View\{closure}()
 4 SYSTEMPATH\Common.php(1167): CodeIgniter\View\View->render('peminjaman/pembayaran', [], true)
 5 APPPATH\Controllers\Peminjaman.php(183): view('peminjaman/pembayaran', [...])
 6 SYSTEMPATH\CodeIgniter.php(933): App\Controllers\Peminjaman->bayarView('114')
 7 SYSTEMPATH\CodeIgniter.php(507): CodeIgniter\CodeIgniter->runController(Object(App\Controllers\Peminjaman))
 8 SYSTEMPATH\CodeIgniter.php(354): CodeIgniter\CodeIgniter->handleRequest(null, Object(Config\Cache), false)
 9 SYSTEMPATH\Boot.php(363): CodeIgniter\CodeIgniter->run()
10 SYSTEMPATH\Boot.php(68): CodeIgniter\Boot::runCodeIgniter(Object(CodeIgniter\CodeIgniter))
11 FCPATH\index.php(59): CodeIgniter\Boot::bootWeb(Object(Config\Paths))
DEBUG - 2026-04-23 03:31:03 --> Session: Class initialized using 'CodeIgniter\Session\Handlers\FileHandler' driver.
DEBUG - 2026-04-23 03:31:09 --> Session: Class initialized using 'CodeIgniter\Session\Handlers\FileHandler' driver.
DEBUG - 2026-04-23 03:31:10 --> Session: Class initialized using 'CodeIgniter\Session\Handlers\FileHandler' driver.
DEBUG - 2026-04-23 03:32:57 --> Session: Class initialized using 'CodeIgniter\Session\Handlers\FileHandler' driver.
DEBUG - 2026-04-23 03:34:50 --> Session: Class initialized using 'CodeIgniter\Session\Handlers\FileHandler' driver.
CRITICAL - 2026-04-23 03:34:50 --> ParseError: syntax error, unexpected variable "$sp"
[Method: GET, Route: peminjaman]
in APPPATH\Views\peminjaman\index.php on line 72.
 1 SYSTEMPATH\View\View.php(229): CodeIgniter\View\View->CodeIgniter\View\{closure}()
 2 SYSTEMPATH\Common.php(1167): CodeIgniter\View\View->render('peminjaman/index', [], true)
 3 APPPATH\Controllers\Peminjaman.php(75): view('peminjaman/index', [...])
 4 SYSTEMPATH\CodeIgniter.php(933): App\Controllers\Peminjaman->index()
 5 SYSTEMPATH\CodeIgniter.php(507): CodeIgniter\CodeIgniter->runController(Object(App\Controllers\Peminjaman))
 6 SYSTEMPATH\CodeIgniter.php(354): CodeIgniter\CodeIgniter->handleRequest(null, Object(Config\Cache), false)
 7 SYSTEMPATH\Boot.php(363): CodeIgniter\CodeIgniter->run()
 8 SYSTEMPATH\Boot.php(68): CodeIgniter\Boot::runCodeIgniter(Object(CodeIgniter\CodeIgniter))
 9 FCPATH\index.php(59): CodeIgniter\Boot::bootWeb(Object(Config\Paths))
DEBUG - 2026-04-23 03:35:26 --> Session: Class initialized using 'CodeIgniter\Session\Handlers\FileHandler' driver.
DEBUG - 2026-04-23 03:35:50 --> Session: Class initialized using 'CodeIgniter\Session\Handlers\FileHandler' driver.
DEBUG - 2026-04-23 03:35:50 --> Session: Class initialized using 'CodeIgniter\Session\Handlers\FileHandler' driver.
DEBUG - 2026-04-23 03:35:55 --> Session: Class initialized using 'CodeIgniter\Session\Handlers\FileHandler' driver.
DEBUG - 2026-04-23 03:35:55 --> Session: Class initialized using 'CodeIgniter\Session\Handlers\FileHandler' driver.
DEBUG - 2026-04-23 03:36:22 --> Session: Class initialized using 'CodeIgniter\Session\Handlers\FileHandler' driver.
DEBUG - 2026-04-23 03:36:35 --> Session: Class initialized using 'CodeIgniter\Session\Handlers\FileHandler' driver.
DEBUG - 2026-04-23 03:38:03 --> Session: Class initialized using 'CodeIgniter\Session\Handlers\FileHandler' driver.
DEBUG - 2026-04-23 03:38:09 --> Session: Class initialized using 'CodeIgniter\Session\Handlers\FileHandler' driver.
DEBUG - 2026-04-23 03:38:16 --> Session: Class initialized using 'CodeIgniter\Session\Handlers\FileHandler' driver.
DEBUG - 2026-04-23 03:38:21 --> Session: Class initialized using 'CodeIgniter\Session\Handlers\FileHandler' driver.
DEBUG - 2026-04-23 03:39:40 --> Session: Class initialized using 'CodeIgniter\Session\Handlers\FileHandler' driver.
ERROR - 2026-04-23 03:39:40 --> mysqli_sql_exception: Unknown column 'peminjaman.id_user' in 'on clause' in C:\xampp\htdocs\pinbook\system\Database\MySQLi\Connection.php:327
Stack trace:
#0 C:\xampp\htdocs\pinbook\system\Database\MySQLi\Connection.php(327): mysqli->query('SELECT `peminja...', 0)
#1 C:\xampp\htdocs\pinbook\system\Database\BaseConnection.php(729): CodeIgniter\Database\MySQLi\Connection->execute('SELECT `peminja...')
#2 C:\xampp\htdocs\pinbook\system\Database\BaseConnection.php(646): CodeIgniter\Database\BaseConnection->simpleQuery('SELECT `peminja...')
#3 C:\xampp\htdocs\pinbook\system\Database\BaseBuilder.php(1649): CodeIgniter\Database\BaseConnection->query('SELECT `peminja...', Array, false)
#4 C:\xampp\htdocs\pinbook\system\Model.php(330): CodeIgniter\Database\BaseBuilder->get()
#5 C:\xampp\htdocs\pinbook\system\BaseModel.php(715): CodeIgniter\Model->doFirst()
#6 C:\xampp\htdocs\pinbook\app\Controllers\Peminjaman.php(154): CodeIgniter\BaseModel->first()
#7 C:\xampp\htdocs\pinbook\system\CodeIgniter.php(933): App\Controllers\Peminjaman->detail('114')
#8 C:\xampp\htdocs\pinbook\system\CodeIgniter.php(507): CodeIgniter\CodeIgniter->runController(Object(App\Controllers\Peminjaman))
#9 C:\xampp\htdocs\pinbook\system\CodeIgniter.php(354): CodeIgniter\CodeIgniter->handleRequest(NULL, Object(Config\Cache), false)
#10 C:\xampp\htdocs\pinbook\system\Boot.php(363): CodeIgniter\CodeIgniter->run()
#11 C:\xampp\htdocs\pinbook\system\Boot.php(68): CodeIgniter\Boot::runCodeIgniter(Object(CodeIgniter\CodeIgniter))
#12 C:\xampp\htdocs\pinbook\index.php(59): CodeIgniter\Boot::bootWeb(Object(Config\Paths))
#13 {main}
CRITICAL - 2026-04-23 03:39:40 --> CodeIgniter\Database\Exceptions\DatabaseException: Unknown column 'peminjaman.id_user' in 'on clause'
[Method: GET, Route: peminjaman/detail/114]
in SYSTEMPATH\Database\BaseConnection.php on line 684.
 1 SYSTEMPATH\Database\BaseBuilder.php(1649): CodeIgniter\Database\BaseConnection->query('SELECT `peminjaman`.*, `u1`.`nama` as `nama_anggota`, `u2`.`nama` as `nama_petugas`
FROM `peminjaman`
LEFT JOIN `users` `u1` ON `u1`.`id` = `peminjaman`.`id_user`
LEFT JOIN `users` `u2` ON `u2`.`id` = `peminjaman`.`id_petugas`
WHERE `peminjaman`.`id_peminjaman` = :peminjaman.id_peminjaman:
 LIMIT 1', [...], false)
 2 SYSTEMPATH\Model.php(330): CodeIgniter\Database\BaseBuilder->get()
 3 SYSTEMPATH\BaseModel.php(715): CodeIgniter\Model->doFirst()
 4 APPPATH\Controllers\Peminjaman.php(154): CodeIgniter\BaseModel->first()
 5 SYSTEMPATH\CodeIgniter.php(933): App\Controllers\Peminjaman->detail('114')
 6 SYSTEMPATH\CodeIgniter.php(507): CodeIgniter\CodeIgniter->runController(Object(App\Controllers\Peminjaman))
 7 SYSTEMPATH\CodeIgniter.php(354): CodeIgniter\CodeIgniter->handleRequest(null, Object(Config\Cache), false)
 8 SYSTEMPATH\Boot.php(363): CodeIgniter\CodeIgniter->run()
 9 SYSTEMPATH\Boot.php(68): CodeIgniter\Boot::runCodeIgniter(Object(CodeIgniter\CodeIgniter))
10 FCPATH\index.php(59): CodeIgniter\Boot::bootWeb(Object(Config\Paths))
CRITICAL - 2026-04-23 03:39:40 --> [Caused by] CodeIgniter\Database\Exceptions\DatabaseException: Unknown column 'peminjaman.id_user' in 'on clause'
in SYSTEMPATH\Database\MySQLi\Connection.php on line 332.
 1 SYSTEMPATH\Database\BaseConnection.php(729): CodeIgniter\Database\MySQLi\Connection->execute('SELECT `peminjaman`.*, `u1`.`nama` as `nama_anggota`, `u2`.`nama` as `nama_petugas`
FROM `peminjaman`
LEFT JOIN `users` `u1` ON `u1`.`id` = `peminjaman`.`id_user`
LEFT JOIN `users` `u2` ON `u2`.`id` = `peminjaman`.`id_petugas`
WHERE `peminjaman`.`id_peminjaman` = \'114\'
 LIMIT 1')
 2 SYSTEMPATH\Database\BaseConnection.php(646): CodeIgniter\Database\BaseConnection->simpleQuery('SELECT `peminjaman`.*, `u1`.`nama` as `nama_anggota`, `u2`.`nama` as `nama_petugas`
FROM `peminjaman`
LEFT JOIN `users` `u1` ON `u1`.`id` = `peminjaman`.`id_user`
LEFT JOIN `users` `u2` ON `u2`.`id` = `peminjaman`.`id_petugas`
WHERE `peminjaman`.`id_peminjaman` = \'114\'
 LIMIT 1')
 3 SYSTEMPATH\Database\BaseBuilder.php(1649): CodeIgniter\Database\BaseConnection->query('SELECT `peminjaman`.*, `u1`.`nama` as `nama_anggota`, `u2`.`nama` as `nama_petugas`
FROM `peminjaman`
LEFT JOIN `users` `u1` ON `u1`.`id` = `peminjaman`.`id_user`
LEFT JOIN `users` `u2` ON `u2`.`id` = `peminjaman`.`id_petugas`
WHERE `peminjaman`.`id_peminjaman` = :peminjaman.id_peminjaman:
 LIMIT 1', [...], false)
 4 SYSTEMPATH\Model.php(330): CodeIgniter\Database\BaseBuilder->get()
 5 SYSTEMPATH\BaseModel.php(715): CodeIgniter\Model->doFirst()
 6 APPPATH\Controllers\Peminjaman.php(154): CodeIgniter\BaseModel->first()
 7 SYSTEMPATH\CodeIgniter.php(933): App\Controllers\Peminjaman->detail('114')
 8 SYSTEMPATH\CodeIgniter.php(507): CodeIgniter\CodeIgniter->runController(Object(App\Controllers\Peminjaman))
 9 SYSTEMPATH\CodeIgniter.php(354): CodeIgniter\CodeIgniter->handleRequest(null, Object(Config\Cache), false)
10 SYSTEMPATH\Boot.php(363): CodeIgniter\CodeIgniter->run()
11 SYSTEMPATH\Boot.php(68): CodeIgniter\Boot::runCodeIgniter(Object(CodeIgniter\CodeIgniter))
12 FCPATH\index.php(59): CodeIgniter\Boot::bootWeb(Object(Config\Paths))
CRITICAL - 2026-04-23 03:39:40 --> [Caused by] mysqli_sql_exception: Unknown column 'peminjaman.id_user' in 'on clause'
in SYSTEMPATH\Database\MySQLi\Connection.php on line 327.
 1 SYSTEMPATH\Database\MySQLi\Connection.php(327): mysqli->query('SELECT `peminjaman`.*, `u1`.`nama` as `nama_anggota`, `u2`.`nama` as `nama_petugas`
FROM `peminjaman`
LEFT JOIN `users` `u1` ON `u1`.`id` = `peminjaman`.`id_user`
LEFT JOIN `users` `u2` ON `u2`.`id` = `peminjaman`.`id_petugas`
WHERE `peminjaman`.`id_peminjaman` = \'114\'
 LIMIT 1', 0)
 2 SYSTEMPATH\Database\BaseConnection.php(729): CodeIgniter\Database\MySQLi\Connection->execute('SELECT `peminjaman`.*, `u1`.`nama` as `nama_anggota`, `u2`.`nama` as `nama_petugas`
FROM `peminjaman`
LEFT JOIN `users` `u1` ON `u1`.`id` = `peminjaman`.`id_user`
LEFT JOIN `users` `u2` ON `u2`.`id` = `peminjaman`.`id_petugas`
WHERE `peminjaman`.`id_peminjaman` = \'114\'
 LIMIT 1')
 3 SYSTEMPATH\Database\BaseConnection.php(646): CodeIgniter\Database\BaseConnection->simpleQuery('SELECT `peminjaman`.*, `u1`.`nama` as `nama_anggota`, `u2`.`nama` as `nama_petugas`
FROM `peminjaman`
LEFT JOIN `users` `u1` ON `u1`.`id` = `peminjaman`.`id_user`
LEFT JOIN `users` `u2` ON `u2`.`id` = `peminjaman`.`id_petugas`
WHERE `peminjaman`.`id_peminjaman` = \'114\'
 LIMIT 1')
 4 SYSTEMPATH\Database\BaseBuilder.php(1649): CodeIgniter\Database\BaseConnection->query('SELECT `peminjaman`.*, `u1`.`nama` as `nama_anggota`, `u2`.`nama` as `nama_petugas`
FROM `peminjaman`
LEFT JOIN `users` `u1` ON `u1`.`id` = `peminjaman`.`id_user`
LEFT JOIN `users` `u2` ON `u2`.`id` = `peminjaman`.`id_petugas`
WHERE `peminjaman`.`id_peminjaman` = :peminjaman.id_peminjaman:
 LIMIT 1', [...], false)
 5 SYSTEMPATH\Model.php(330): CodeIgniter\Database\BaseBuilder->get()
 6 SYSTEMPATH\BaseModel.php(715): CodeIgniter\Model->doFirst()
 7 APPPATH\Controllers\Peminjaman.php(154): CodeIgniter\BaseModel->first()
 8 SYSTEMPATH\CodeIgniter.php(933): App\Controllers\Peminjaman->detail('114')
 9 SYSTEMPATH\CodeIgniter.php(507): CodeIgniter\CodeIgniter->runController(Object(App\Controllers\Peminjaman))
10 SYSTEMPATH\CodeIgniter.php(354): CodeIgniter\CodeIgniter->handleRequest(null, Object(Config\Cache), false)
11 SYSTEMPATH\Boot.php(363): CodeIgniter\CodeIgniter->run()
12 SYSTEMPATH\Boot.php(68): CodeIgniter\Boot::runCodeIgniter(Object(CodeIgniter\CodeIgniter))
13 FCPATH\index.php(59): CodeIgniter\Boot::bootWeb(Object(Config\Paths))
DEBUG - 2026-04-23 03:40:25 --> Session: Class initialized using 'CodeIgniter\Session\Handlers\FileHandler' driver.
ERROR - 2026-04-23 03:40:25 --> mysqli_sql_exception: Unknown column 'peminjaman.id_users' in 'on clause' in C:\xampp\htdocs\pinbook\system\Database\MySQLi\Connection.php:327
Stack trace:
#0 C:\xampp\htdocs\pinbook\system\Database\MySQLi\Connection.php(327): mysqli->query('SELECT `peminja...', 0)
#1 C:\xampp\htdocs\pinbook\system\Database\BaseConnection.php(729): CodeIgniter\Database\MySQLi\Connection->execute('SELECT `peminja...')
#2 C:\xampp\htdocs\pinbook\system\Database\BaseConnection.php(646): CodeIgniter\Database\BaseConnection->simpleQuery('SELECT `peminja...')
#3 C:\xampp\htdocs\pinbook\system\Database\BaseBuilder.php(1649): CodeIgniter\Database\BaseConnection->query('SELECT `peminja...', Array, false)
#4 C:\xampp\htdocs\pinbook\system\Model.php(330): CodeIgniter\Database\BaseBuilder->get()
#5 C:\xampp\htdocs\pinbook\system\BaseModel.php(715): CodeIgniter\Model->doFirst()
#6 C:\xampp\htdocs\pinbook\app\Controllers\Peminjaman.php(154): CodeIgniter\BaseModel->first()
#7 C:\xampp\htdocs\pinbook\system\CodeIgniter.php(933): App\Controllers\Peminjaman->detail('114')
#8 C:\xampp\htdocs\pinbook\system\CodeIgniter.php(507): CodeIgniter\CodeIgniter->runController(Object(App\Controllers\Peminjaman))
#9 C:\xampp\htdocs\pinbook\system\CodeIgniter.php(354): CodeIgniter\CodeIgniter->handleRequest(NULL, Object(Config\Cache), false)
#10 C:\xampp\htdocs\pinbook\system\Boot.php(363): CodeIgniter\CodeIgniter->run()
#11 C:\xampp\htdocs\pinbook\system\Boot.php(68): CodeIgniter\Boot::runCodeIgniter(Object(CodeIgniter\CodeIgniter))
#12 C:\xampp\htdocs\pinbook\index.php(59): CodeIgniter\Boot::bootWeb(Object(Config\Paths))
#13 {main}
CRITICAL - 2026-04-23 03:40:25 --> CodeIgniter\Database\Exceptions\DatabaseException: Unknown column 'peminjaman.id_users' in 'on clause'
[Method: GET, Route: peminjaman/detail/114]
in SYSTEMPATH\Database\BaseConnection.php on line 684.
 1 SYSTEMPATH\Database\BaseBuilder.php(1649): CodeIgniter\Database\BaseConnection->query('SELECT `peminjaman`.*, `u1`.`nama` as `nama_anggota`, `u2`.`nama` as `nama_petugas`
FROM `peminjaman`
LEFT JOIN `users` `u1` ON `u1`.`id` = `peminjaman`.`id_users`
LEFT JOIN `users` `u2` ON `u2`.`id` = `peminjaman`.`id_petugas`
WHERE `peminjaman`.`id_peminjaman` = :peminjaman.id_peminjaman:
 LIMIT 1', [...], false)
 2 SYSTEMPATH\Model.php(330): CodeIgniter\Database\BaseBuilder->get()
 3 SYSTEMPATH\BaseModel.php(715): CodeIgniter\Model->doFirst()
 4 APPPATH\Controllers\Peminjaman.php(154): CodeIgniter\BaseModel->first()
 5 SYSTEMPATH\CodeIgniter.php(933): App\Controllers\Peminjaman->detail('114')
 6 SYSTEMPATH\CodeIgniter.php(507): CodeIgniter\CodeIgniter->runController(Object(App\Controllers\Peminjaman))
 7 SYSTEMPATH\CodeIgniter.php(354): CodeIgniter\CodeIgniter->handleRequest(null, Object(Config\Cache), false)
 8 SYSTEMPATH\Boot.php(363): CodeIgniter\CodeIgniter->run()
 9 SYSTEMPATH\Boot.php(68): CodeIgniter\Boot::runCodeIgniter(Object(CodeIgniter\CodeIgniter))
10 FCPATH\index.php(59): CodeIgniter\Boot::bootWeb(Object(Config\Paths))
CRITICAL - 2026-04-23 03:40:25 --> [Caused by] CodeIgniter\Database\Exceptions\DatabaseException: Unknown column 'peminjaman.id_users' in 'on clause'
in SYSTEMPATH\Database\MySQLi\Connection.php on line 332.
 1 SYSTEMPATH\Database\BaseConnection.php(729): CodeIgniter\Database\MySQLi\Connection->execute('SELECT `peminjaman`.*, `u1`.`nama` as `nama_anggota`, `u2`.`nama` as `nama_petugas`
FROM `peminjaman`
LEFT JOIN `users` `u1` ON `u1`.`id` = `peminjaman`.`id_users`
LEFT JOIN `users` `u2` ON `u2`.`id` = `peminjaman`.`id_petugas`
WHERE `peminjaman`.`id_peminjaman` = \'114\'
 LIMIT 1')
 2 SYSTEMPATH\Database\BaseConnection.php(646): CodeIgniter\Database\BaseConnection->simpleQuery('SELECT `peminjaman`.*, `u1`.`nama` as `nama_anggota`, `u2`.`nama` as `nama_petugas`
FROM `peminjaman`
LEFT JOIN `users` `u1` ON `u1`.`id` = `peminjaman`.`id_users`
LEFT JOIN `users` `u2` ON `u2`.`id` = `peminjaman`.`id_petugas`
WHERE `peminjaman`.`id_peminjaman` = \'114\'
 LIMIT 1')
 3 SYSTEMPATH\Database\BaseBuilder.php(1649): CodeIgniter\Database\BaseConnection->query('SELECT `peminjaman`.*, `u1`.`nama` as `nama_anggota`, `u2`.`nama` as `nama_petugas`
FROM `peminjaman`
LEFT JOIN `users` `u1` ON `u1`.`id` = `peminjaman`.`id_users`
LEFT JOIN `users` `u2` ON `u2`.`id` = `peminjaman`.`id_petugas`
WHERE `peminjaman`.`id_peminjaman` = :peminjaman.id_peminjaman:
 LIMIT 1', [...], false)
 4 SYSTEMPATH\Model.php(330): CodeIgniter\Database\BaseBuilder->get()
 5 SYSTEMPATH\BaseModel.php(715): CodeIgniter\Model->doFirst()
 6 APPPATH\Controllers\Peminjaman.php(154): CodeIgniter\BaseModel->first()
 7 SYSTEMPATH\CodeIgniter.php(933): App\Controllers\Peminjaman->detail('114')
 8 SYSTEMPATH\CodeIgniter.php(507): CodeIgniter\CodeIgniter->runController(Object(App\Controllers\Peminjaman))
 9 SYSTEMPATH\CodeIgniter.php(354): CodeIgniter\CodeIgniter->handleRequest(null, Object(Config\Cache), false)
10 SYSTEMPATH\Boot.php(363): CodeIgniter\CodeIgniter->run()
11 SYSTEMPATH\Boot.php(68): CodeIgniter\Boot::runCodeIgniter(Object(CodeIgniter\CodeIgniter))
12 FCPATH\index.php(59): CodeIgniter\Boot::bootWeb(Object(Config\Paths))
CRITICAL - 2026-04-23 03:40:25 --> [Caused by] mysqli_sql_exception: Unknown column 'peminjaman.id_users' in 'on clause'
in SYSTEMPATH\Database\MySQLi\Connection.php on line 327.
 1 SYSTEMPATH\Database\MySQLi\Connection.php(327): mysqli->query('SELECT `peminjaman`.*, `u1`.`nama` as `nama_anggota`, `u2`.`nama` as `nama_petugas`
FROM `peminjaman`
LEFT JOIN `users` `u1` ON `u1`.`id` = `peminjaman`.`id_users`
LEFT JOIN `users` `u2` ON `u2`.`id` = `peminjaman`.`id_petugas`
WHERE `peminjaman`.`id_peminjaman` = \'114\'
 LIMIT 1', 0)
 2 SYSTEMPATH\Database\BaseConnection.php(729): CodeIgniter\Database\MySQLi\Connection->execute('SELECT `peminjaman`.*, `u1`.`nama` as `nama_anggota`, `u2`.`nama` as `nama_petugas`
FROM `peminjaman`
LEFT JOIN `users` `u1` ON `u1`.`id` = `peminjaman`.`id_users`
LEFT JOIN `users` `u2` ON `u2`.`id` = `peminjaman`.`id_petugas`
WHERE `peminjaman`.`id_peminjaman` = \'114\'
 LIMIT 1')
 3 SYSTEMPATH\Database\BaseConnection.php(646): CodeIgniter\Database\BaseConnection->simpleQuery('SELECT `peminjaman`.*, `u1`.`nama` as `nama_anggota`, `u2`.`nama` as `nama_petugas`
FROM `peminjaman`
LEFT JOIN `users` `u1` ON `u1`.`id` = `peminjaman`.`id_users`
LEFT JOIN `users` `u2` ON `u2`.`id` = `peminjaman`.`id_petugas`
WHERE `peminjaman`.`id_peminjaman` = \'114\'
 LIMIT 1')
 4 SYSTEMPATH\Database\BaseBuilder.php(1649): CodeIgniter\Database\BaseConnection->query('SELECT `peminjaman`.*, `u1`.`nama` as `nama_anggota`, `u2`.`nama` as `nama_petugas`
FROM `peminjaman`
LEFT JOIN `users` `u1` ON `u1`.`id` = `peminjaman`.`id_users`
LEFT JOIN `users` `u2` ON `u2`.`id` = `peminjaman`.`id_petugas`
WHERE `peminjaman`.`id_peminjaman` = :peminjaman.id_peminjaman:
 LIMIT 1', [...], false)
 5 SYSTEMPATH\Model.php(330): CodeIgniter\Database\BaseBuilder->get()
 6 SYSTEMPATH\BaseModel.php(715): CodeIgniter\Model->doFirst()
 7 APPPATH\Controllers\Peminjaman.php(154): CodeIgniter\BaseModel->first()
 8 SYSTEMPATH\CodeIgniter.php(933): App\Controllers\Peminjaman->detail('114')
 9 SYSTEMPATH\CodeIgniter.php(507): CodeIgniter\CodeIgniter->runController(Object(App\Controllers\Peminjaman))
10 SYSTEMPATH\CodeIgniter.php(354): CodeIgniter\CodeIgniter->handleRequest(null, Object(Config\Cache), false)
11 SYSTEMPATH\Boot.php(363): CodeIgniter\CodeIgniter->run()
12 SYSTEMPATH\Boot.php(68): CodeIgniter\Boot::runCodeIgniter(Object(CodeIgniter\CodeIgniter))
13 FCPATH\index.php(59): CodeIgniter\Boot::bootWeb(Object(Config\Paths))
DEBUG - 2026-04-23 03:40:26 --> Session: Class initialized using 'CodeIgniter\Session\Handlers\FileHandler' driver.
ERROR - 2026-04-23 03:40:26 --> mysqli_sql_exception: Unknown column 'peminjaman.id_users' in 'on clause' in C:\xampp\htdocs\pinbook\system\Database\MySQLi\Connection.php:327
Stack trace:
#0 C:\xampp\htdocs\pinbook\system\Database\MySQLi\Connection.php(327): mysqli->query('SELECT `peminja...', 0)
#1 C:\xampp\htdocs\pinbook\system\Database\BaseConnection.php(729): CodeIgniter\Database\MySQLi\Connection->execute('SELECT `peminja...')
#2 C:\xampp\htdocs\pinbook\system\Database\BaseConnection.php(646): CodeIgniter\Database\BaseConnection->simpleQuery('SELECT `peminja...')
#3 C:\xampp\htdocs\pinbook\system\Database\BaseBuilder.php(1649): CodeIgniter\Database\BaseConnection->query('SELECT `peminja...', Array, false)
#4 C:\xampp\htdocs\pinbook\system\Model.php(330): CodeIgniter\Database\BaseBuilder->get()
#5 C:\xampp\htdocs\pinbook\system\BaseModel.php(715): CodeIgniter\Model->doFirst()
#6 C:\xampp\htdocs\pinbook\app\Controllers\Peminjaman.php(154): CodeIgniter\BaseModel->first()
#7 C:\xampp\htdocs\pinbook\system\CodeIgniter.php(933): App\Controllers\Peminjaman->detail('114')
#8 C:\xampp\htdocs\pinbook\system\CodeIgniter.php(507): CodeIgniter\CodeIgniter->runController(Object(App\Controllers\Peminjaman))
#9 C:\xampp\htdocs\pinbook\system\CodeIgniter.php(354): CodeIgniter\CodeIgniter->handleRequest(NULL, Object(Config\Cache), false)
#10 C:\xampp\htdocs\pinbook\system\Boot.php(363): CodeIgniter\CodeIgniter->run()
#11 C:\xampp\htdocs\pinbook\system\Boot.php(68): CodeIgniter\Boot::runCodeIgniter(Object(CodeIgniter\CodeIgniter))
#12 C:\xampp\htdocs\pinbook\index.php(59): CodeIgniter\Boot::bootWeb(Object(Config\Paths))
#13 {main}
CRITICAL - 2026-04-23 03:40:26 --> CodeIgniter\Database\Exceptions\DatabaseException: Unknown column 'peminjaman.id_users' in 'on clause'
[Method: GET, Route: peminjaman/detail/114]
in SYSTEMPATH\Database\BaseConnection.php on line 684.
 1 SYSTEMPATH\Database\BaseBuilder.php(1649): CodeIgniter\Database\BaseConnection->query('SELECT `peminjaman`.*, `u1`.`nama` as `nama_anggota`, `u2`.`nama` as `nama_petugas`
FROM `peminjaman`
LEFT JOIN `users` `u1` ON `u1`.`id` = `peminjaman`.`id_users`
LEFT JOIN `users` `u2` ON `u2`.`id` = `peminjaman`.`id_petugas`
WHERE `peminjaman`.`id_peminjaman` = :peminjaman.id_peminjaman:
 LIMIT 1', [...], false)
 2 SYSTEMPATH\Model.php(330): CodeIgniter\Database\BaseBuilder->get()
 3 SYSTEMPATH\BaseModel.php(715): CodeIgniter\Model->doFirst()
 4 APPPATH\Controllers\Peminjaman.php(154): CodeIgniter\BaseModel->first()
 5 SYSTEMPATH\CodeIgniter.php(933): App\Controllers\Peminjaman->detail('114')
 6 SYSTEMPATH\CodeIgniter.php(507): CodeIgniter\CodeIgniter->runController(Object(App\Controllers\Peminjaman))
 7 SYSTEMPATH\CodeIgniter.php(354): CodeIgniter\CodeIgniter->handleRequest(null, Object(Config\Cache), false)
 8 SYSTEMPATH\Boot.php(363): CodeIgniter\CodeIgniter->run()
 9 SYSTEMPATH\Boot.php(68): CodeIgniter\Boot::runCodeIgniter(Object(CodeIgniter\CodeIgniter))
10 FCPATH\index.php(59): CodeIgniter\Boot::bootWeb(Object(Config\Paths))
CRITICAL - 2026-04-23 03:40:26 --> [Caused by] CodeIgniter\Database\Exceptions\DatabaseException: Unknown column 'peminjaman.id_users' in 'on clause'
in SYSTEMPATH\Database\MySQLi\Connection.php on line 332.
 1 SYSTEMPATH\Database\BaseConnection.php(729): CodeIgniter\Database\MySQLi\Connection->execute('SELECT `peminjaman`.*, `u1`.`nama` as `nama_anggota`, `u2`.`nama` as `nama_petugas`
FROM `peminjaman`
LEFT JOIN `users` `u1` ON `u1`.`id` = `peminjaman`.`id_users`
LEFT JOIN `users` `u2` ON `u2`.`id` = `peminjaman`.`id_petugas`
WHERE `peminjaman`.`id_peminjaman` = \'114\'
 LIMIT 1')
 2 SYSTEMPATH\Database\BaseConnection.php(646): CodeIgniter\Database\BaseConnection->simpleQuery('SELECT `peminjaman`.*, `u1`.`nama` as `nama_anggota`, `u2`.`nama` as `nama_petugas`
FROM `peminjaman`
LEFT JOIN `users` `u1` ON `u1`.`id` = `peminjaman`.`id_users`
LEFT JOIN `users` `u2` ON `u2`.`id` = `peminjaman`.`id_petugas`
WHERE `peminjaman`.`id_peminjaman` = \'114\'
 LIMIT 1')
 3 SYSTEMPATH\Database\BaseBuilder.php(1649): CodeIgniter\Database\BaseConnection->query('SELECT `peminjaman`.*, `u1`.`nama` as `nama_anggota`, `u2`.`nama` as `nama_petugas`
FROM `peminjaman`
LEFT JOIN `users` `u1` ON `u1`.`id` = `peminjaman`.`id_users`
LEFT JOIN `users` `u2` ON `u2`.`id` = `peminjaman`.`id_petugas`
WHERE `peminjaman`.`id_peminjaman` = :peminjaman.id_peminjaman:
 LIMIT 1', [...], false)
 4 SYSTEMPATH\Model.php(330): CodeIgniter\Database\BaseBuilder->get()
 5 SYSTEMPATH\BaseModel.php(715): CodeIgniter\Model->doFirst()
 6 APPPATH\Controllers\Peminjaman.php(154): CodeIgniter\BaseModel->first()
 7 SYSTEMPATH\CodeIgniter.php(933): App\Controllers\Peminjaman->detail('114')
 8 SYSTEMPATH\CodeIgniter.php(507): CodeIgniter\CodeIgniter->runController(Object(App\Controllers\Peminjaman))
 9 SYSTEMPATH\CodeIgniter.php(354): CodeIgniter\CodeIgniter->handleRequest(null, Object(Config\Cache), false)
10 SYSTEMPATH\Boot.php(363): CodeIgniter\CodeIgniter->run()
11 SYSTEMPATH\Boot.php(68): CodeIgniter\Boot::runCodeIgniter(Object(CodeIgniter\CodeIgniter))
12 FCPATH\index.php(59): CodeIgniter\Boot::bootWeb(Object(Config\Paths))
CRITICAL - 2026-04-23 03:40:26 --> [Caused by] mysqli_sql_exception: Unknown column 'peminjaman.id_users' in 'on clause'
in SYSTEMPATH\Database\MySQLi\Connection.php on line 327.
 1 SYSTEMPATH\Database\MySQLi\Connection.php(327): mysqli->query('SELECT `peminjaman`.*, `u1`.`nama` as `nama_anggota`, `u2`.`nama` as `nama_petugas`
FROM `peminjaman`
LEFT JOIN `users` `u1` ON `u1`.`id` = `peminjaman`.`id_users`
LEFT JOIN `users` `u2` ON `u2`.`id` = `peminjaman`.`id_petugas`
WHERE `peminjaman`.`id_peminjaman` = \'114\'
 LIMIT 1', 0)
 2 SYSTEMPATH\Database\BaseConnection.php(729): CodeIgniter\Database\MySQLi\Connection->execute('SELECT `peminjaman`.*, `u1`.`nama` as `nama_anggota`, `u2`.`nama` as `nama_petugas`
FROM `peminjaman`
LEFT JOIN `users` `u1` ON `u1`.`id` = `peminjaman`.`id_users`
LEFT JOIN `users` `u2` ON `u2`.`id` = `peminjaman`.`id_petugas`
WHERE `peminjaman`.`id_peminjaman` = \'114\'
 LIMIT 1')
 3 SYSTEMPATH\Database\BaseConnection.php(646): CodeIgniter\Database\BaseConnection->simpleQuery('SELECT `peminjaman`.*, `u1`.`nama` as `nama_anggota`, `u2`.`nama` as `nama_petugas`
FROM `peminjaman`
LEFT JOIN `users` `u1` ON `u1`.`id` = `peminjaman`.`id_users`
LEFT JOIN `users` `u2` ON `u2`.`id` = `peminjaman`.`id_petugas`
WHERE `peminjaman`.`id_peminjaman` = \'114\'
 LIMIT 1')
 4 SYSTEMPATH\Database\BaseBuilder.php(1649): CodeIgniter\Database\BaseConnection->query('SELECT `peminjaman`.*, `u1`.`nama` as `nama_anggota`, `u2`.`nama` as `nama_petugas`
FROM `peminjaman`
LEFT JOIN `users` `u1` ON `u1`.`id` = `peminjaman`.`id_users`
LEFT JOIN `users` `u2` ON `u2`.`id` = `peminjaman`.`id_petugas`
WHERE `peminjaman`.`id_peminjaman` = :peminjaman.id_peminjaman:
 LIMIT 1', [...], false)
 5 SYSTEMPATH\Model.php(330): CodeIgniter\Database\BaseBuilder->get()
 6 SYSTEMPATH\BaseModel.php(715): CodeIgniter\Model->doFirst()
 7 APPPATH\Controllers\Peminjaman.php(154): CodeIgniter\BaseModel->first()
 8 SYSTEMPATH\CodeIgniter.php(933): App\Controllers\Peminjaman->detail('114')
 9 SYSTEMPATH\CodeIgniter.php(507): CodeIgniter\CodeIgniter->runController(Object(App\Controllers\Peminjaman))
10 SYSTEMPATH\CodeIgniter.php(354): CodeIgniter\CodeIgniter->handleRequest(null, Object(Config\Cache), false)
11 SYSTEMPATH\Boot.php(363): CodeIgniter\CodeIgniter->run()
12 SYSTEMPATH\Boot.php(68): CodeIgniter\Boot::runCodeIgniter(Object(CodeIgniter\CodeIgniter))
13 FCPATH\index.php(59): CodeIgniter\Boot::bootWeb(Object(Config\Paths))
DEBUG - 2026-04-23 03:44:59 --> Session: Class initialized using 'CodeIgniter\Session\Handlers\FileHandler' driver.
DEBUG - 2026-04-23 03:45:02 --> Session: Class initialized using 'CodeIgniter\Session\Handlers\FileHandler' driver.
DEBUG - 2026-04-23 03:51:18 --> Session: Class initialized using 'CodeIgniter\Session\Handlers\FileHandler' driver.
DEBUG - 2026-04-23 03:52:17 --> Session: Class initialized using 'CodeIgniter\Session\Handlers\FileHandler' driver.
CRITICAL - 2026-04-23 03:53:58 --> ParseError: syntax error, unexpected token "<", expecting end of file
[Method: GET, Route: anggota]
in APPPATH\Config\Routes.php on line 47.
 1 SYSTEMPATH\CodeIgniter.php(821): CodeIgniter\Router\RouteCollection->loadRoutes()
 2 SYSTEMPATH\CodeIgniter.php(455): CodeIgniter\CodeIgniter->tryToRouteIt(null)
 3 SYSTEMPATH\CodeIgniter.php(354): CodeIgniter\CodeIgniter->handleRequest(null, Object(Config\Cache), false)
 4 SYSTEMPATH\Boot.php(363): CodeIgniter\CodeIgniter->run()
 5 SYSTEMPATH\Boot.php(68): CodeIgniter\Boot::runCodeIgniter(Object(CodeIgniter\CodeIgniter))
 6 FCPATH\index.php(59): CodeIgniter\Boot::bootWeb(Object(Config\Paths))
DEBUG - 2026-04-23 03:55:50 --> Session: Class initialized using 'CodeIgniter\Session\Handlers\FileHandler' driver.
DEBUG - 2026-04-23 03:56:00 --> Session: Class initialized using 'CodeIgniter\Session\Handlers\FileHandler' driver.
DEBUG - 2026-04-23 04:01:10 --> Session: Class initialized using 'CodeIgniter\Session\Handlers\FileHandler' driver.
CRITICAL - 2026-04-23 04:01:59 --> ErrorException: Undefined variable $a
[Method: GET, Route: anggota]
in APPPATH\Views\anggota\index.php on line 4.
 1 APPPATH\Views\anggota\index.php(4): CodeIgniter\Debug\Exceptions->errorHandler(2, 'Undefined variable $a', 'C:\\xampp\\htdocs\\pinbook\\app\\Views\\anggota\\index.php', 4)
 2 SYSTEMPATH\View\View.php(226): include('C:\\xampp\\htdocs\\pinbook\\app\\Views\\anggota\\index.php')
 3 SYSTEMPATH\View\View.php(229): CodeIgniter\View\View->CodeIgniter\View\{closure}()
 4 SYSTEMPATH\Common.php(1167): CodeIgniter\View\View->render('anggota/index', [], true)
 5 APPPATH\Controllers\Anggota.php(29): view('anggota/index', [...])
 6 SYSTEMPATH\CodeIgniter.php(933): App\Controllers\Anggota->index()
 7 SYSTEMPATH\CodeIgniter.php(507): CodeIgniter\CodeIgniter->runController(Object(App\Controllers\Anggota))
 8 SYSTEMPATH\CodeIgniter.php(354): CodeIgniter\CodeIgniter->handleRequest(null, Object(Config\Cache), false)
 9 SYSTEMPATH\Boot.php(363): CodeIgniter\CodeIgniter->run()
10 SYSTEMPATH\Boot.php(68): CodeIgniter\Boot::runCodeIgniter(Object(CodeIgniter\CodeIgniter))
11 FCPATH\index.php(59): CodeIgniter\Boot::bootWeb(Object(Config\Paths))
DEBUG - 2026-04-23 04:02:31 --> Session: Class initialized using 'CodeIgniter\Session\Handlers\FileHandler' driver.
CRITICAL - 2026-04-23 04:02:35 --> ErrorException: Undefined property: App\Controllers\Anggota::$db
[Method: GET, Route: anggota/print/2]
in APPPATH\Controllers\Anggota.php on line 77.
 1 APPPATH\Controllers\Anggota.php(77): CodeIgniter\Debug\Exceptions->errorHandler(2, 'Undefined property: App\\Controllers\\Anggota::$db', 'C:\\xampp\\htdocs\\pinbook\\app\\Controllers\\Anggota.php', 77)
 2 SYSTEMPATH\CodeIgniter.php(933): App\Controllers\Anggota->print('2')
 3 SYSTEMPATH\CodeIgniter.php(507): CodeIgniter\CodeIgniter->runController(Object(App\Controllers\Anggota))
 4 SYSTEMPATH\CodeIgniter.php(354): CodeIgniter\CodeIgniter->handleRequest(null, Object(Config\Cache), false)
 5 SYSTEMPATH\Boot.php(363): CodeIgniter\CodeIgniter->run()
 6 SYSTEMPATH\Boot.php(68): CodeIgniter\Boot::runCodeIgniter(Object(CodeIgniter\CodeIgniter))
 7 FCPATH\index.php(59): CodeIgniter\Boot::bootWeb(Object(Config\Paths))
CRITICAL - 2026-04-23 04:04:32 --> ErrorException: Undefined property: App\Controllers\Anggota::$db
[Method: GET, Route: anggota/print/2]
in APPPATH\Controllers\Anggota.php on line 77.
 1 APPPATH\Controllers\Anggota.php(77): CodeIgniter\Debug\Exceptions->errorHandler(2, 'Undefined property: App\\Controllers\\Anggota::$db', 'C:\\xampp\\htdocs\\pinbook\\app\\Controllers\\Anggota.php', 77)
 2 SYSTEMPATH\CodeIgniter.php(933): App\Controllers\Anggota->print('2')
 3 SYSTEMPATH\CodeIgniter.php(507): CodeIgniter\CodeIgniter->runController(Object(App\Controllers\Anggota))
 4 SYSTEMPATH\CodeIgniter.php(354): CodeIgniter\CodeIgniter->handleRequest(null, Object(Config\Cache), false)
 5 SYSTEMPATH\Boot.php(363): CodeIgniter\CodeIgniter->run()
 6 SYSTEMPATH\Boot.php(68): CodeIgniter\Boot::runCodeIgniter(Object(CodeIgniter\CodeIgniter))
 7 FCPATH\index.php(59): CodeIgniter\Boot::bootWeb(Object(Config\Paths))
CRITICAL - 2026-04-23 04:04:33 --> ErrorException: Undefined property: App\Controllers\Anggota::$db
[Method: GET, Route: anggota/print/2]
in APPPATH\Controllers\Anggota.php on line 77.
 1 APPPATH\Controllers\Anggota.php(77): CodeIgniter\Debug\Exceptions->errorHandler(2, 'Undefined property: App\\Controllers\\Anggota::$db', 'C:\\xampp\\htdocs\\pinbook\\app\\Controllers\\Anggota.php', 77)
 2 SYSTEMPATH\CodeIgniter.php(933): App\Controllers\Anggota->print('2')
 3 SYSTEMPATH\CodeIgniter.php(507): CodeIgniter\CodeIgniter->runController(Object(App\Controllers\Anggota))
 4 SYSTEMPATH\CodeIgniter.php(354): CodeIgniter\CodeIgniter->handleRequest(null, Object(Config\Cache), false)
 5 SYSTEMPATH\Boot.php(363): CodeIgniter\CodeIgniter->run()
 6 SYSTEMPATH\Boot.php(68): CodeIgniter\Boot::runCodeIgniter(Object(CodeIgniter\CodeIgniter))
 7 FCPATH\index.php(59): CodeIgniter\Boot::bootWeb(Object(Config\Paths))
DEBUG - 2026-04-23 04:04:37 --> Session: Class initialized using 'CodeIgniter\Session\Handlers\FileHandler' driver.
DEBUG - 2026-04-23 04:05:05 --> Session: Class initialized using 'CodeIgniter\Session\Handlers\FileHandler' driver.
CRITICAL - 2026-04-23 04:05:08 --> ErrorException: Undefined property: App\Controllers\Anggota::$db
[Method: GET, Route: anggota/wa/2]
in APPPATH\Controllers\Anggota.php on line 87.
 1 APPPATH\Controllers\Anggota.php(87): CodeIgniter\Debug\Exceptions->errorHandler(2, 'Undefined property: App\\Controllers\\Anggota::$db', 'C:\\xampp\\htdocs\\pinbook\\app\\Controllers\\Anggota.php', 87)
 2 SYSTEMPATH\CodeIgniter.php(933): App\Controllers\Anggota->wa('2')
 3 SYSTEMPATH\CodeIgniter.php(507): CodeIgniter\CodeIgniter->runController(Object(App\Controllers\Anggota))
 4 SYSTEMPATH\CodeIgniter.php(354): CodeIgniter\CodeIgniter->handleRequest(null, Object(Config\Cache), false)
 5 SYSTEMPATH\Boot.php(363): CodeIgniter\CodeIgniter->run()
 6 SYSTEMPATH\Boot.php(68): CodeIgniter\Boot::runCodeIgniter(Object(CodeIgniter\CodeIgniter))
 7 FCPATH\index.php(59): CodeIgniter\Boot::bootWeb(Object(Config\Paths))
CRITICAL - 2026-04-23 04:07:09 --> ArgumentCountError: Too few arguments to function App\Controllers\Anggota::print(), 0 passed in C:\xampp\htdocs\pinbook\system\CodeIgniter.php on line 933 and exactly 1 expected
[Method: GET, Route: anggota/print]
in APPPATH\Controllers\Anggota.php on line 75.
 1 SYSTEMPATH\CodeIgniter.php(933): App\Controllers\Anggota->print()
 2 SYSTEMPATH\CodeIgniter.php(507): CodeIgniter\CodeIgniter->runController(Object(App\Controllers\Anggota))
 3 SYSTEMPATH\CodeIgniter.php(354): CodeIgniter\CodeIgniter->handleRequest(null, Object(Config\Cache), false)
 4 SYSTEMPATH\Boot.php(363): CodeIgniter\CodeIgniter->run()
 5 SYSTEMPATH\Boot.php(68): CodeIgniter\Boot::runCodeIgniter(Object(CodeIgniter\CodeIgniter))
 6 FCPATH\index.php(59): CodeIgniter\Boot::bootWeb(Object(Config\Paths))
CRITICAL - 2026-04-23 04:09:17 --> ErrorException: Undefined array key "nama"
[Method: GET, Route: anggota/print]
in APPPATH\Views\anggota\print.php on line 13.
 1 APPPATH\Views\anggota\print.php(13): CodeIgniter\Debug\Exceptions->errorHandler(2, 'Undefined array key "nama"', 'C:\\xampp\\htdocs\\pinbook\\app\\Views\\anggota\\print.php', 13)
 2 SYSTEMPATH\View\View.php(226): include('C:\\xampp\\htdocs\\pinbook\\app\\Views\\anggota\\print.php')
 3 SYSTEMPATH\View\View.php(229): CodeIgniter\View\View->CodeIgniter\View\{closure}()
 4 SYSTEMPATH\Common.php(1167): CodeIgniter\View\View->render('anggota/print', [], true)
 5 APPPATH\Controllers\Anggota.php(42): view('anggota/print', [...])
 6 SYSTEMPATH\CodeIgniter.php(933): App\Controllers\Anggota->print()
 7 SYSTEMPATH\CodeIgniter.php(507): CodeIgniter\CodeIgniter->runController(Object(App\Controllers\Anggota))
 8 SYSTEMPATH\CodeIgniter.php(354): CodeIgniter\CodeIgniter->handleRequest(null, Object(Config\Cache), false)
 9 SYSTEMPATH\Boot.php(363): CodeIgniter\CodeIgniter->run()
10 SYSTEMPATH\Boot.php(68): CodeIgniter\Boot::runCodeIgniter(Object(CodeIgniter\CodeIgniter))
11 FCPATH\index.php(59): CodeIgniter\Boot::bootWeb(Object(Config\Paths))
DEBUG - 2026-04-23 04:09:36 --> Session: Class initialized using 'CodeIgniter\Session\Handlers\FileHandler' driver.
CRITICAL - 2026-04-23 04:09:38 --> ErrorException: Undefined array key "nama"
[Method: GET, Route: anggota/print]
in APPPATH\Views\anggota\print.php on line 13.
 1 APPPATH\Views\anggota\print.php(13): CodeIgniter\Debug\Exceptions->errorHandler(2, 'Undefined array key "nama"', 'C:\\xampp\\htdocs\\pinbook\\app\\Views\\anggota\\print.php', 13)
 2 SYSTEMPATH\View\View.php(226): include('C:\\xampp\\htdocs\\pinbook\\app\\Views\\anggota\\print.php')
 3 SYSTEMPATH\View\View.php(229): CodeIgniter\View\View->CodeIgniter\View\{closure}()
 4 SYSTEMPATH\Common.php(1167): CodeIgniter\View\View->render('anggota/print', [], true)
 5 APPPATH\Controllers\Anggota.php(42): view('anggota/print', [...])
 6 SYSTEMPATH\CodeIgniter.php(933): App\Controllers\Anggota->print()
 7 SYSTEMPATH\CodeIgniter.php(507): CodeIgniter\CodeIgniter->runController(Object(App\Controllers\Anggota))
 8 SYSTEMPATH\CodeIgniter.php(354): CodeIgniter\CodeIgniter->handleRequest(null, Object(Config\Cache), false)
 9 SYSTEMPATH\Boot.php(363): CodeIgniter\CodeIgniter->run()
10 SYSTEMPATH\Boot.php(68): CodeIgniter\Boot::runCodeIgniter(Object(CodeIgniter\CodeIgniter))
11 FCPATH\index.php(59): CodeIgniter\Boot::bootWeb(Object(Config\Paths))
DEBUG - 2026-04-23 04:10:23 --> Session: Class initialized using 'CodeIgniter\Session\Handlers\FileHandler' driver.
DEBUG - 2026-04-23 04:16:28 --> Session: Class initialized using 'CodeIgniter\Session\Handlers\FileHandler' driver.
DEBUG - 2026-04-23 04:16:32 --> Session: Class initialized using 'CodeIgniter\Session\Handlers\FileHandler' driver.
DEBUG - 2026-04-23 04:16:41 --> Session: Class initialized using 'CodeIgniter\Session\Handlers\FileHandler' driver.
DEBUG - 2026-04-23 04:16:49 --> Session: Class initialized using 'CodeIgniter\Session\Handlers\FileHandler' driver.
DEBUG - 2026-04-23 04:17:20 --> Session: Class initialized using 'CodeIgniter\Session\Handlers\FileHandler' driver.
DEBUG - 2026-04-23 04:17:35 --> Session: Class initialized using 'CodeIgniter\Session\Handlers\FileHandler' driver.
DEBUG - 2026-04-23 04:17:39 --> Session: Class initialized using 'CodeIgniter\Session\Handlers\FileHandler' driver.
